<?xml version="1.0" encoding="UTF-8"?>
<coverage generated="1751272851199" clover="3.2.0">
  <project timestamp="1751272851200" name="All files">
    <metrics statements="18" coveredstatements="15" conditionals="16" coveredconditionals="14" methods="3" coveredmethods="2" elements="37" coveredelements="31" complexity="0" loc="18" ncloc="18" packages="1" files="2" classes="2"/>
    <file name="db.js" path="C:\Users\alieb\Desktop\ynov\Deploi_Continu\Deploiement_continu\server\db.js">
      <metrics statements="7" coveredstatements="6" conditionals="12" coveredconditionals="11" methods="1" coveredmethods="1"/>
      <line num="1" count="1" type="stmt"/>
      <line num="3" count="1" type="stmt"/>
      <line num="11" count="1" type="stmt"/>
      <line num="12" count="1" type="cond" truecount="1" falsecount="1"/>
      <line num="13" count="1" type="stmt"/>
      <line num="15" count="0" type="stmt"/>
      <line num="19" count="1" type="stmt"/>
    </file>
    <file name="index.js" path="C:\Users\alieb\Desktop\ynov\Deploi_Continu\Deploiement_continu\server\index.js">
      <metrics statements="11" coveredstatements="9" conditionals="4" coveredconditionals="3" methods="2" coveredmethods="1"/>
      <line num="1" count="1" type="stmt"/>
      <line num="2" count="1" type="stmt"/>
      <line num="4" count="1" type="stmt"/>
      <line num="5" count="1" type="stmt"/>
      <line num="7" count="1" type="stmt"/>
      <line num="8" count="1" type="stmt"/>
      <line num="11" count="1" type="cond" truecount="2" falsecount="0"/>
      <line num="14" count="1" type="cond" truecount="1" falsecount="1"/>
      <line num="15" count="0" type="stmt"/>
      <line num="16" count="0" type="stmt"/>
      <line num="20" count="1" type="stmt"/>
    </file>
  </project>
</coverage>
