TN:
SF:db.js
FN:11,(anonymous_0)
FNF:1
FNH:1
FNDA:1,(anonymous_0)
DA:1,1
DA:3,1
DA:11,1
DA:12,1
DA:13,1
DA:15,0
DA:19,1
LF:7
LH:6
BRDA:4,0,0,1
BRDA:4,0,1,1
BRDA:5,1,0,1
BRDA:5,1,1,1
BRDA:6,2,0,1
BRDA:6,2,1,1
BRDA:7,3,0,1
BRDA:7,3,1,1
BRDA:8,4,0,1
BRDA:8,4,1,1
BRDA:12,5,0,1
BRDA:12,5,1,0
BRF:12
BRH:11
end_of_record
TN:
SF:index.js
FN:7,(anonymous_0)
FN:15,(anonymous_1)
FNF:2
FNH:1
FNDA:1,(anonymous_0)
FNDA:0,(anonymous_1)
DA:1,1
DA:2,1
DA:4,1
DA:5,1
DA:7,1
DA:8,1
DA:11,1
DA:14,1
DA:15,0
DA:16,0
DA:20,1
LF:11
LH:9
BRDA:11,0,0,1
BRDA:11,0,1,1
BRDA:14,1,0,0
BRDA:14,1,1,1
BRF:4
BRH:3
end_of_record
